##########
Execution start time: 2024-01-18 12:47:10.703701
##########
Execution start time: 2024-01-18 12:48:00.655048
##########
Execution start time: 2024-01-18 12:48:54.493395
##########
Execution start time: 2024-01-18 12:49:16.379815
##########
Execution start time: 2024-01-18 12:49:49.132697
Constraint Pair Generation Time: 0.05284333 s
QP Generation Time: 0.27256107s
QP with handelman size: 39
QP without handelman size: 45
Number of L-vars with handelman: 54
Number of L-vars without handelman: 48
##########
Execution start time: 2024-01-18 13:22:07.486302
Constraint Pair Generation Time: 0.05047560 s
QP Generation Time: 0.26800799s
QP with handelman size: 39
QP without handelman size: 45
Number of L-vars with handelman: 54
Number of L-vars without handelman: 48
##########
Execution start time: 2024-01-18 17:54:59.679088
Constraint Pair Generation Time: 0.05091000 s
QP Generation Time: 0.26983881s
QP with handelman size: 39
QP without handelman size: 45
Number of L-vars with handelman: 54
Number of L-vars without handelman: 48
