##########
Execution start time: 2024-01-22 23:46:42.378509
Constraint Pair Generation Time: 0.03880548 s
QP Generation Time: 0.15313125s
QP with handelman size: 15
QP without handelman size: 15
Number of L-vars with handelman: 45
Number of L-vars without handelman: 24
##########
Execution start time: 2024-01-22 23:47:15.565735
Constraint Pair Generation Time: 0.03997087 s
QP Generation Time: 0.15342569s
QP with handelman size: 15
QP without handelman size: 15
Number of L-vars with handelman: 45
Number of L-vars without handelman: 24
##########
Execution start time: 2024-01-22 23:56:23.551270
Constraint Pair Generation Time: 0.04131389 s
QP Generation Time: 0.15176439s
QP with handelman size: 15
QP without handelman size: 15
Number of L-vars with handelman: 45
Number of L-vars without handelman: 24
