##########
Execution start time: 2024-01-22 23:31:07.136787
Constraint Pair Generation Time: 0.04612994 s
QP Generation Time: 0.68905425s
QP with handelman size: 51
QP without handelman size: 55
Number of L-vars with handelman: 164
Number of L-vars without handelman: 126
##########
Execution start time: 2024-01-22 23:44:00.183194
Constraint Pair Generation Time: 0.04648018 s
QP Generation Time: 0.61222959s
QP with handelman size: 45
QP without handelman size: 55
Number of L-vars with handelman: 164
Number of L-vars without handelman: 126
##########
Execution start time: 2024-01-23 04:56:25.618091
Constraint Pair Generation Time: 0.04500270 s
QP Generation Time: 0.60344362s
QP with handelman size: 45
QP without handelman size: 55
Number of L-vars with handelman: 164
Number of L-vars without handelman: 126
