##########
Execution start time: 2024-01-22 23:29:42.474410
Constraint Pair Generation Time: 0.03974009 s
QP Generation Time: 0.12803030s
QP with handelman size: 16
QP without handelman size: 17
Number of L-vars with handelman: 45
Number of L-vars without handelman: 24
##########
Execution start time: 2024-01-22 23:46:07.113999
Constraint Pair Generation Time: 0.04106474 s
QP Generation Time: 0.12884688s
QP with handelman size: 16
QP without handelman size: 17
Number of L-vars with handelman: 45
Number of L-vars without handelman: 24
##########
Execution start time: 2024-01-22 23:51:13.888788
Constraint Pair Generation Time: 0.05743718 s
QP Generation Time: 0.12452674s
QP with handelman size: 16
QP without handelman size: 17
Number of L-vars with handelman: 45
Number of L-vars without handelman: 24
##########
Execution start time: 2024-01-23 02:56:24.203291
Constraint Pair Generation Time: 0.04674315 s
QP Generation Time: 0.12423182s
QP with handelman size: 16
QP without handelman size: 17
Number of L-vars with handelman: 45
Number of L-vars without handelman: 24
##########
Execution start time: 2024-06-27 21:48:17.170260
##########
Execution start time: 2024-06-27 21:50:21.881174
##########
Execution start time: 2024-06-27 22:51:58.473014
Constraint Pair Generation Time: 0.04099274 s
QP Generation Time: 0.14134121s
QP with handelman size: 17
QP without handelman size: 17
Number of L-vars with handelman: 45
Number of L-vars without handelman: 24
